commit d417852a690181362b00c162f8f0cb5e51676524
Author: Honghui Choi <chh8259@hotmail.com>
Date:   Thu Aug 8 11:08:18 2013 -0500

    Graph.h final commit

commit 7492756dcbf271a78df956749af05f9c7a9d83c3
Author: Honghui Choi <chh8259@hotmail.com>
Date:   Thu Aug 8 11:02:11 2013 -0500

    Graph.h final commit

commit b36f73d0fbc4deb009134709914b1772fa853f12
Author: Honghui Choi <chh8259@hotmail.com>
Date:   Thu Aug 8 10:56:48 2013 -0500

    unit tests done

commit 3d417d7bb207cb0e8b1f0744ecc879ede5977aa4
Author: Honghui Choi <chh8259@hotmail.com>
Date:   Thu Aug 8 10:56:04 2013 -0500

    unit tests done

commit 848658750d57346a725502d2dcf4057a5a2535ed
Author: Honghui Choi <chh8259@hotmail.com>
Date:   Thu Aug 8 10:54:40 2013 -0500

    unit tests done

commit f032a0fe5c2f7267238a522db945e7f54a5a7466
Author: Honghui Choi <chh8259@hotmail.com>
Date:   Thu Aug 8 10:51:59 2013 -0500

    unit tests done

commit 4cffcca68a6dfd20467b411c6ebcea4b0ff9fb2f
Author: Honghui Choi <chh8259@hotmail.com>
Date:   Wed Aug 7 05:28:54 2013 -0500

    hasCycle finished
